<?xml version="1.0" encoding="UTF-8"?>
<!-- Generated by org.testng.reporters.JUnitXMLReporter -->
<testsuite hostname="7F-CHENJINGJIAN" ignored="3" name="TDTest" tests="11" failures="2" timestamp="06 二月 2018 09:55:56 GMT" time="108.093" errors="0">
  <testcase name="TDlogin" time="8.614" classname="com.com.demo.Twinkle"/>
  <testcase name="Sort" time="16.501" classname="com.com.demo.Twinkle"/>
  <testcase name="Addproduct" time="12.106" classname="com.com.demo.Twinkle"/>
  <testcase name="pricevs" time="30.493" classname="com.com.demo.Twinkle">
    <skipped/>
  </testcase> <!-- pricevs -->
  <testcase name="pricevs" time="0.104" classname="com.com.demo.Twinkle">
    <skipped/>
  </testcase> <!-- pricevs -->
  <testcase name="pricevs" time="0.044" classname="com.com.demo.Twinkle">
    <skipped/>
  </testcase> <!-- pricevs -->
  <testcase name="pricevs" time="0.037" classname="com.com.demo.Twinkle">
    <failure type="org.openqa.selenium.WebDriverException" message="unknown error: Element &amp;lt;button type=&amp;quot;submit&amp;quot; id=&amp;quot;placeOrderBtn&amp;quot; onclick=&amp;quot;_logsss.trackCheckout({&amp;apos;spcs&amp;apos;:&amp;apos;c003&amp;apos;,&amp;apos;skuinfo&amp;apos;:&amp;apos;{&amp;quot; gt00853&amp;quot;:{&amp;quot;amount&amp;quot;:&amp;quot;1&amp;quot;}}&amp;apos;,&amp;apos;ubctd&amp;apos;:&amp;apos;checkout&amp;apos;});&amp;quot;=&amp;quot;&amp;quot; data-paypal-click-listener=&amp;quot;&amp;quot;&amp;gt;...&amp;lt;/button&amp;gt; is not clickable at point (802, 892). Other element would receive the click: &amp;lt;iframe name=&amp;quot;__paypal_checkout_sandbox_xcomponent-paypal-checkout-271f41f2e8__&amp;quot; scrolling=&amp;quot;no&amp;quot; class=&amp;quot;paypal-checkout-sandbox-iframe&amp;quot;&amp;gt;&amp;lt;/iframe&amp;gt;
  (Session info: chrome=56.0.2924.87)
  (Driver info: chromedriver=2.27.440174 (e97a722caafc2d3a8b807ee115bfb307f7d2cfd9),platform=Windows NT 6.1.7601 SP1 x86_64) (WARNING: The server did not provide any stacktrace information)
Command duration or timeout: 14 milliseconds
Build info: version: &amp;apos;3.0.1&amp;apos;, revision: &amp;apos;1969d75&amp;apos;, time: &amp;apos;2016-10-18 09:48:19 -0700&amp;apos;
System info: host: &amp;apos;7F-CHENJINGJIAN&amp;apos;, ip: &amp;apos;10.37.3.253&amp;apos;, os.name: &amp;apos;Windows 7&amp;apos;, os.arch: &amp;apos;amd64&amp;apos;, os.version: &amp;apos;6.1&amp;apos;, java.version: &amp;apos;1.8.0_121&amp;apos;
Driver info: org.openqa.selenium.chrome.ChromeDriver
Capabilities [{applicationCacheEnabled=false, rotatable=false, mobileEmulationEnabled=false, networkConnectionEnabled=false, chrome={chromedriverVersion=2.27.440174 (e97a722caafc2d3a8b807ee115bfb307f7d2cfd9), userDataDir=C:\Users\CHENJI~1\AppData\Local\Temp\scoped_dir37252_14605}, takesHeapSnapshot=true, pageLoadStrategy=normal, databaseEnabled=false, handlesAlerts=true, hasTouchScreen=false, version=56.0.2924.87, platform=XP, browserConnectionEnabled=false, nativeEvents=true, acceptSslCerts=true, locationContextEnabled=true, webStorageEnabled=true, browserName=chrome, takesScreenshot=true, javascriptEnabled=true, cssSelectorsEnabled=true, unexpectedAlertBehaviour=}]
Session ID: ef36be8519f9d187e910db2be57364fd">
      <![CDATA[org.openqa.selenium.WebDriverException: unknown error: Element <button type="submit" id="placeOrderBtn" onclick="_logsss.trackCheckout({'spcs':'c003','skuinfo':'{" gt00853":{"amount":"1"}}','ubctd':'checkout'});"="" data-paypal-click-listener="">...</button> is not clickable at point (802, 892). Other element would receive the click: <iframe name="__paypal_checkout_sandbox_xcomponent-paypal-checkout-271f41f2e8__" scrolling="no" class="paypal-checkout-sandbox-iframe"></iframe>  (Session info: chrome=56.0.2924.87)  (Driver info: chromedriver=2.27.440174 (e97a722caafc2d3a8b807ee115bfb307f7d2cfd9),platform=Windows NT 6.1.7601 SP1 x86_64) (WARNING: The server did not provide any stacktrace information)Command duration or timeout: 14 millisecondsBuild info: version: '3.0.1', revision: '1969d75', time: '2016-10-18 09:48:19 -0700'System info: host: '7F-CHENJINGJIAN', ip: '10.37.3.253', os.name: 'Windows 7', os.arch: 'amd64', os.version: '6.1', java.version: '1.8.0_121'Driver info: org.openqa.selenium.chrome.ChromeDriverCapabilities [{applicationCacheEnabled=false, rotatable=false, mobileEmulationEnabled=false, networkConnectionEnabled=false, chrome={chromedriverVersion=2.27.440174 (e97a722caafc2d3a8b807ee115bfb307f7d2cfd9), userDataDir=C:\Users\CHENJI~1\AppData\Local\Temp\scoped_dir37252_14605}, takesHeapSnapshot=true, pageLoadStrategy=normal, databaseEnabled=false, handlesAlerts=true, hasTouchScreen=false, version=56.0.2924.87, platform=XP, browserConnectionEnabled=false, nativeEvents=true, acceptSslCerts=true, locationContextEnabled=true, webStorageEnabled=true, browserName=chrome, takesScreenshot=true, javascriptEnabled=true, cssSelectorsEnabled=true, unexpectedAlertBehaviour=}]Session ID: ef36be8519f9d187e910db2be57364fdat org.openqa.selenium.remote.ErrorHandler.createThrowable(ErrorHandler.java:216)at org.openqa.selenium.remote.ErrorHandler.throwIfResponseFailed(ErrorHandler.java:168)at org.openqa.selenium.remote.RemoteWebDriver.execute(RemoteWebDriver.java:635)at org.openqa.selenium.remote.RemoteWebElement.execute(RemoteWebElement.java:274)at org.openqa.selenium.remote.RemoteWebElement.click(RemoteWebElement.java:84)at com.com.demo.Twinkle.pricevs(Twinkle.java:181)... Removed 29 stack frames]]>
    </failure>
  </testcase> <!-- pricevs -->
  <testcase name="Login_PP" time="30.062" classname="com.com.demo.Twinkle">
    <skipped/>
  </testcase> <!-- Login_PP -->
  <testcase name="Login_PP" time="7.086" classname="com.com.demo.Twinkle">
    <skipped/>
  </testcase> <!-- Login_PP -->
  <testcase name="Login_PP" time="0.003" classname="com.com.demo.Twinkle">
    <skipped/>
  </testcase> <!-- Login_PP -->
  <testcase name="Login_PP" time="0.004" classname="com.com.demo.Twinkle">
    <failure type="org.openqa.selenium.NoSuchWindowException" message="no such window: target window already closed
from unknown error: web view not found
  (Session info: chrome=56.0.2924.87)
  (Driver info: chromedriver=2.27.440174 (e97a722caafc2d3a8b807ee115bfb307f7d2cfd9),platform=Windows NT 6.1.7601 SP1 x86_64) (WARNING: The server did not provide any stacktrace information)
Command duration or timeout: 3 milliseconds
Build info: version: &amp;apos;3.0.1&amp;apos;, revision: &amp;apos;1969d75&amp;apos;, time: &amp;apos;2016-10-18 09:48:19 -0700&amp;apos;
System info: host: &amp;apos;7F-CHENJINGJIAN&amp;apos;, ip: &amp;apos;10.37.3.253&amp;apos;, os.name: &amp;apos;Windows 7&amp;apos;, os.arch: &amp;apos;amd64&amp;apos;, os.version: &amp;apos;6.1&amp;apos;, java.version: &amp;apos;1.8.0_121&amp;apos;
Driver info: org.openqa.selenium.chrome.ChromeDriver
Capabilities [{applicationCacheEnabled=false, rotatable=false, mobileEmulationEnabled=false, networkConnectionEnabled=false, chrome={chromedriverVersion=2.27.440174 (e97a722caafc2d3a8b807ee115bfb307f7d2cfd9), userDataDir=C:\Users\CHENJI~1\AppData\Local\Temp\scoped_dir37252_14605}, takesHeapSnapshot=true, pageLoadStrategy=normal, databaseEnabled=false, handlesAlerts=true, hasTouchScreen=false, version=56.0.2924.87, platform=XP, browserConnectionEnabled=false, nativeEvents=true, acceptSslCerts=true, locationContextEnabled=true, webStorageEnabled=true, browserName=chrome, takesScreenshot=true, javascriptEnabled=true, cssSelectorsEnabled=true, unexpectedAlertBehaviour=}]
Session ID: ef36be8519f9d187e910db2be57364fd
*** Element info: {Using=name, value=injectedUl}">
      <![CDATA[org.openqa.selenium.NoSuchWindowException: no such window: target window already closedfrom unknown error: web view not found  (Session info: chrome=56.0.2924.87)  (Driver info: chromedriver=2.27.440174 (e97a722caafc2d3a8b807ee115bfb307f7d2cfd9),platform=Windows NT 6.1.7601 SP1 x86_64) (WARNING: The server did not provide any stacktrace information)Command duration or timeout: 3 millisecondsBuild info: version: '3.0.1', revision: '1969d75', time: '2016-10-18 09:48:19 -0700'System info: host: '7F-CHENJINGJIAN', ip: '10.37.3.253', os.name: 'Windows 7', os.arch: 'amd64', os.version: '6.1', java.version: '1.8.0_121'Driver info: org.openqa.selenium.chrome.ChromeDriverCapabilities [{applicationCacheEnabled=false, rotatable=false, mobileEmulationEnabled=false, networkConnectionEnabled=false, chrome={chromedriverVersion=2.27.440174 (e97a722caafc2d3a8b807ee115bfb307f7d2cfd9), userDataDir=C:\Users\CHENJI~1\AppData\Local\Temp\scoped_dir37252_14605}, takesHeapSnapshot=true, pageLoadStrategy=normal, databaseEnabled=false, handlesAlerts=true, hasTouchScreen=false, version=56.0.2924.87, platform=XP, browserConnectionEnabled=false, nativeEvents=true, acceptSslCerts=true, locationContextEnabled=true, webStorageEnabled=true, browserName=chrome, takesScreenshot=true, javascriptEnabled=true, cssSelectorsEnabled=true, unexpectedAlertBehaviour=}]Session ID: ef36be8519f9d187e910db2be57364fd*** Element info: {Using=name, value=injectedUl}at org.openqa.selenium.remote.ErrorHandler.createThrowable(ErrorHandler.java:216)at org.openqa.selenium.remote.ErrorHandler.throwIfResponseFailed(ErrorHandler.java:168)at org.openqa.selenium.remote.RemoteWebDriver.execute(RemoteWebDriver.java:635)at org.openqa.selenium.remote.RemoteWebDriver.findElement(RemoteWebDriver.java:368)at org.openqa.selenium.remote.RemoteWebDriver.findElementByName(RemoteWebDriver.java:449)at org.openqa.selenium.By$ByName.findElement(By.java:303)at org.openqa.selenium.remote.RemoteWebDriver.findElement(RemoteWebDriver.java:360)at com.com.demo.Twinkle.Login_PP(Twinkle.java:210)... Removed 29 stack frames]]>
    </failure>
  </testcase> <!-- Login_PP -->
  <testcase name="Addprovince" time="0.0" classname="com.com.demo.Twinkle">
    <ignored/>
  </testcase> <!-- Addprovince -->
  <testcase name="GetNum" time="0.0" classname="com.com.demo.Twinkle">
    <ignored/>
  </testcase> <!-- GetNum -->
  <testcase name="Addcountry" time="0.0" classname="com.com.demo.Twinkle">
    <ignored/>
  </testcase> <!-- Addcountry -->
</testsuite> <!-- TDTest -->
