<?xml version="1.0" encoding="UTF-8"?>
<!-- Generated by org.testng.reporters.JUnitReportReporter -->
<testsuite skipped="3" hostname="7F-CHENJINGJIAN" name="com.com.demo.Twinkle" tests="8" failures="0" timestamp="06 二月 2018 09:56:47 GMT" time="78.731" errors="1">
  <testcase name="TDlogin" time="6.960" classname="com.com.demo.Twinkle"/>
  <testcase name="Sort" time="23.511" classname="com.com.demo.Twinkle"/>
  <testcase name="Addproduct" time="13.544" classname="com.com.demo.Twinkle"/>
  <testcase name="pricevs" time="17.664" classname="com.com.demo.Twinkle"/>
  <testcase name="Login_PP" time="17.052" classname="com.com.demo.Twinkle">
    <error type="org.openqa.selenium.WebDriverException" message="unknown error: Element &lt;div id=&quot;button&quot; class=&quot;buttons reviewButton&quot;&gt;...&lt;/div&gt; is not clickable at point (225, 330). Other element would receive the click: &lt;div ng-if=&quot;loading&quot; id=&quot;spinner&quot; class=&quot;spinner ng-scope&quot;&gt;...&lt;/div&gt;
  (Session info: chrome=56.0.2924.87)
  (Driver info: chromedriver=2.27.440174 (e97a722caafc2d3a8b807ee115bfb307f7d2cfd9),platform=Windows NT 6.1.7601 SP1 x86_64) (WARNING: The server did not provide any stacktrace information)
Command duration or timeout: 75 milliseconds
Build info: version: &#039;3.0.1&#039;, revision: &#039;1969d75&#039;, time: &#039;2016-10-18 09:48:19 -0700&#039;
System info: host: &#039;7F-CHENJINGJIAN&#039;, ip: &#039;10.37.3.253&#039;, os.name: &#039;Windows 7&#039;, os.arch: &#039;amd64&#039;, os.version: &#039;6.1&#039;, java.version: &#039;1.8.0_121&#039;
Driver info: org.openqa.selenium.chrome.ChromeDriver
Capabilities [{applicationCacheEnabled=false, rotatable=false, mobileEmulationEnabled=false, networkConnectionEnabled=false, chrome={chromedriverVersion=2.27.440174 (e97a722caafc2d3a8b807ee115bfb307f7d2cfd9), userDataDir=C:\Users\CHENJI~1\AppData\Local\Temp\scoped_dir41704_14129}, takesHeapSnapshot=true, pageLoadStrategy=normal, databaseEnabled=false, handlesAlerts=true, hasTouchScreen=false, version=56.0.2924.87, platform=XP, browserConnectionEnabled=false, nativeEvents=true, acceptSslCerts=true, locationContextEnabled=true, webStorageEnabled=true, browserName=chrome, takesScreenshot=true, javascriptEnabled=true, cssSelectorsEnabled=true, unexpectedAlertBehaviour=}]
Session ID: 9873ea4d1d349e20b2bd54a660a79b4c">
      <![CDATA[org.openqa.selenium.WebDriverException: unknown error: Element <div id="button" class="buttons reviewButton">...</div> is not clickable at point (225, 330). Other element would receive the click: <div ng-if="loading" id="spinner" class="spinner ng-scope">...</div>  (Session info: chrome=56.0.2924.87)  (Driver info: chromedriver=2.27.440174 (e97a722caafc2d3a8b807ee115bfb307f7d2cfd9),platform=Windows NT 6.1.7601 SP1 x86_64) (WARNING: The server did not provide any stacktrace information)Command duration or timeout: 75 millisecondsBuild info: version: '3.0.1', revision: '1969d75', time: '2016-10-18 09:48:19 -0700'System info: host: '7F-CHENJINGJIAN', ip: '10.37.3.253', os.name: 'Windows 7', os.arch: 'amd64', os.version: '6.1', java.version: '1.8.0_121'Driver info: org.openqa.selenium.chrome.ChromeDriverCapabilities [{applicationCacheEnabled=false, rotatable=false, mobileEmulationEnabled=false, networkConnectionEnabled=false, chrome={chromedriverVersion=2.27.440174 (e97a722caafc2d3a8b807ee115bfb307f7d2cfd9), userDataDir=C:\Users\CHENJI~1\AppData\Local\Temp\scoped_dir41704_14129}, takesHeapSnapshot=true, pageLoadStrategy=normal, databaseEnabled=false, handlesAlerts=true, hasTouchScreen=false, version=56.0.2924.87, platform=XP, browserConnectionEnabled=false, nativeEvents=true, acceptSslCerts=true, locationContextEnabled=true, webStorageEnabled=true, browserName=chrome, takesScreenshot=true, javascriptEnabled=true, cssSelectorsEnabled=true, unexpectedAlertBehaviour=}]Session ID: 9873ea4d1d349e20b2bd54a660a79b4cat sun.reflect.NativeConstructorAccessorImpl.newInstance0(Native Method)at sun.reflect.NativeConstructorAccessorImpl.newInstance(Unknown Source)at sun.reflect.DelegatingConstructorAccessorImpl.newInstance(Unknown Source)at java.lang.reflect.Constructor.newInstance(Unknown Source)at org.openqa.selenium.remote.ErrorHandler.createThrowable(ErrorHandler.java:216)at org.openqa.selenium.remote.ErrorHandler.throwIfResponseFailed(ErrorHandler.java:168)at org.openqa.selenium.remote.RemoteWebDriver.execute(RemoteWebDriver.java:635)at org.openqa.selenium.remote.RemoteWebElement.execute(RemoteWebElement.java:274)at org.openqa.selenium.remote.RemoteWebElement.click(RemoteWebElement.java:84)at com.com.demo.Twinkle.Login_PP(Twinkle.java:225)at sun.reflect.NativeMethodAccessorImpl.invoke0(Native Method)at sun.reflect.NativeMethodAccessorImpl.invoke(Unknown Source)at sun.reflect.DelegatingMethodAccessorImpl.invoke(Unknown Source)at java.lang.reflect.Method.invoke(Unknown Source)at org.testng.internal.MethodInvocationHelper.invokeMethod(MethodInvocationHelper.java:124)at org.testng.internal.Invoker.invokeMethod(Invoker.java:571)at org.testng.internal.Invoker.invokeTestMethod(Invoker.java:707)at org.testng.internal.Invoker.invokeTestMethods(Invoker.java:979)at org.testng.internal.TestMethodWorker.invokeTestMethods(TestMethodWorker.java:125)at org.testng.internal.TestMethodWorker.run(TestMethodWorker.java:109)at org.testng.TestRunner.privateRun(TestRunner.java:648)at org.testng.TestRunner.run(TestRunner.java:505)at org.testng.SuiteRunner.runTest(SuiteRunner.java:455)at org.testng.SuiteRunner.runSequentially(SuiteRunner.java:450)at org.testng.SuiteRunner.privateRun(SuiteRunner.java:415)at org.testng.SuiteRunner.run(SuiteRunner.java:364)at org.testng.SuiteRunnerWorker.runSuite(SuiteRunnerWorker.java:52)at org.testng.SuiteRunnerWorker.run(SuiteRunnerWorker.java:84)at org.testng.TestNG.runSuitesSequentially(TestNG.java:1187)at org.testng.TestNG.runSuitesLocally(TestNG.java:1116)at org.testng.TestNG.runSuites(TestNG.java:1028)at org.testng.TestNG.run(TestNG.java:996)at org.testng.remote.AbstractRemoteTestNG.run(AbstractRemoteTestNG.java:114)at org.testng.remote.RemoteTestNG.initAndRun(RemoteTestNG.java:251)at org.testng.remote.RemoteTestNG.main(RemoteTestNG.java:77)]]>
    </error>
  </testcase> <!-- Login_PP -->
  <testcase name="Addprovince" classname="com.com.demo.Twinkle">
    <skipped/>
  </testcase> <!-- Addprovince -->
  <testcase name="GetNum" classname="com.com.demo.Twinkle">
    <skipped/>
  </testcase> <!-- GetNum -->
  <testcase name="Addcountry" classname="com.com.demo.Twinkle">
    <skipped/>
  </testcase> <!-- Addcountry -->
</testsuite> <!-- com.com.demo.Twinkle -->
