<?xml version="1.0" encoding="UTF-8"?>
<!-- Generated by org.testng.reporters.JUnitReportReporter -->
<testsuite skipped="1" hostname="7F-CHENJINGJIAN" name="com.com.demo.Getorder" tests="7" failures="0" timestamp="29 一月 2018 07:49:36 GMT" time="102.064" errors="1">
  <testcase name="testcase" time="10.189" classname="com.com.demo.Getorder"/>
  <testcase name="addProduct" time="34.228" classname="com.com.demo.Getorder"/>
  <testcase name="checkout" time="8.477" classname="com.com.demo.Getorder"/>
  <testcase name="pricecomparison" time="39.391" classname="com.com.demo.Getorder"/>
  <testcase name="getorder" time="7.724" classname="com.com.demo.Getorder">
    <error type="org.openqa.selenium.WebDriverException" message="unknown error: Element &lt;iframe src=&quot;https://www.sandbox.paypal.com/signin/inject/?stsRedirectUri=https%3A%2F%2Fwww.sandbox.paypal.com%2Fcheckoutnow%2F2&amp;amp;country.x=AU&amp;amp;locale.x=en_AU&amp;amp;returnUri=https%3A%2F%2Fwww.sandbox.paypal.com%2Fcheckoutnow%2F2&amp;amp;state=%3Fflow%3D1-P%26token%3DEC-7DL27785EK2252324&amp;amp;flowId=EC-7DL27785EK2252324&amp;amp;correlationId=ed2d4f204d896&amp;amp;flowContextData=sIly8BpBPYU1gbSYIPT4qC7UraxX-jNpDqxSxFStEH20YyC3JJbNQe4HNBw4T_tz7sHx8dlKiuog6IoeCczLa0IkQPKbfGpe3jL7nf7HNAgsgY-vHPfrDsdEfjy&amp;amp;rememberMe=true&quot; height=&quot;236&quot; style=&quot;width: 100%;&quot; name=&quot;injectedUl&quot; frameborder=&quot;0&quot; scrolling=&quot;no&quot; title=&quot;PayPal - Log In&quot; sandbox=&quot;allow-same-origin allow-scripts allow-popups allow-forms allow-top-navigation&quot; cd_frame_id_=&quot;3c6134b4a2900041063c322e43194f5b&quot;&gt;&lt;/iframe&gt; is not clickable at point (303, 443). Other element would receive the click: &lt;div id=&quot;preloaderSpinner&quot; class=&quot;preloader spinner&quot;&gt;...&lt;/div&gt;
  (Session info: chrome=56.0.2924.87)
  (Driver info: chromedriver=2.27.440174 (e97a722caafc2d3a8b807ee115bfb307f7d2cfd9),platform=Windows NT 6.1.7601 SP1 x86_64) (WARNING: The server did not provide any stacktrace information)
Command duration or timeout: 110 milliseconds
Build info: version: &#039;3.0.1&#039;, revision: &#039;1969d75&#039;, time: &#039;2016-10-18 09:48:19 -0700&#039;
System info: host: &#039;7F-CHENJINGJIAN&#039;, ip: &#039;10.37.3.253&#039;, os.name: &#039;Windows 7&#039;, os.arch: &#039;amd64&#039;, os.version: &#039;6.1&#039;, java.version: &#039;1.8.0_121&#039;
Driver info: org.openqa.selenium.chrome.ChromeDriver
Capabilities [{applicationCacheEnabled=false, rotatable=false, mobileEmulationEnabled=false, networkConnectionEnabled=false, chrome={chromedriverVersion=2.27.440174 (e97a722caafc2d3a8b807ee115bfb307f7d2cfd9), userDataDir=C:\Users\CHENJI~1\AppData\Local\Temp\scoped_dir9328_16601}, takesHeapSnapshot=true, pageLoadStrategy=normal, databaseEnabled=false, handlesAlerts=true, hasTouchScreen=false, version=56.0.2924.87, platform=XP, browserConnectionEnabled=false, nativeEvents=true, acceptSslCerts=true, locationContextEnabled=true, webStorageEnabled=true, browserName=chrome, takesScreenshot=true, javascriptEnabled=true, cssSelectorsEnabled=true, unexpectedAlertBehaviour=}]
Session ID: df0815fd4e7e7edc0c9ec559123bb99d">
      <![CDATA[org.openqa.selenium.WebDriverException: unknown error: Element <iframe src="https://www.sandbox.paypal.com/signin/inject/?stsRedirectUri=https%3A%2F%2Fwww.sandbox.paypal.com%2Fcheckoutnow%2F2&amp;country.x=AU&amp;locale.x=en_AU&amp;returnUri=https%3A%2F%2Fwww.sandbox.paypal.com%2Fcheckoutnow%2F2&amp;state=%3Fflow%3D1-P%26token%3DEC-7DL27785EK2252324&amp;flowId=EC-7DL27785EK2252324&amp;correlationId=ed2d4f204d896&amp;flowContextData=sIly8BpBPYU1gbSYIPT4qC7UraxX-jNpDqxSxFStEH20YyC3JJbNQe4HNBw4T_tz7sHx8dlKiuog6IoeCczLa0IkQPKbfGpe3jL7nf7HNAgsgY-vHPfrDsdEfjy&amp;rememberMe=true" height="236" style="width: 100%;" name="injectedUl" frameborder="0" scrolling="no" title="PayPal - Log In" sandbox="allow-same-origin allow-scripts allow-popups allow-forms allow-top-navigation" cd_frame_id_="3c6134b4a2900041063c322e43194f5b"></iframe> is not clickable at point (303, 443). Other element would receive the click: <div id="preloaderSpinner" class="preloader spinner">...</div>  (Session info: chrome=56.0.2924.87)  (Driver info: chromedriver=2.27.440174 (e97a722caafc2d3a8b807ee115bfb307f7d2cfd9),platform=Windows NT 6.1.7601 SP1 x86_64) (WARNING: The server did not provide any stacktrace information)Command duration or timeout: 110 millisecondsBuild info: version: '3.0.1', revision: '1969d75', time: '2016-10-18 09:48:19 -0700'System info: host: '7F-CHENJINGJIAN', ip: '10.37.3.253', os.name: 'Windows 7', os.arch: 'amd64', os.version: '6.1', java.version: '1.8.0_121'Driver info: org.openqa.selenium.chrome.ChromeDriverCapabilities [{applicationCacheEnabled=false, rotatable=false, mobileEmulationEnabled=false, networkConnectionEnabled=false, chrome={chromedriverVersion=2.27.440174 (e97a722caafc2d3a8b807ee115bfb307f7d2cfd9), userDataDir=C:\Users\CHENJI~1\AppData\Local\Temp\scoped_dir9328_16601}, takesHeapSnapshot=true, pageLoadStrategy=normal, databaseEnabled=false, handlesAlerts=true, hasTouchScreen=false, version=56.0.2924.87, platform=XP, browserConnectionEnabled=false, nativeEvents=true, acceptSslCerts=true, locationContextEnabled=true, webStorageEnabled=true, browserName=chrome, takesScreenshot=true, javascriptEnabled=true, cssSelectorsEnabled=true, unexpectedAlertBehaviour=}]Session ID: df0815fd4e7e7edc0c9ec559123bb99dat sun.reflect.NativeConstructorAccessorImpl.newInstance0(Native Method)at sun.reflect.NativeConstructorAccessorImpl.newInstance(Unknown Source)at sun.reflect.DelegatingConstructorAccessorImpl.newInstance(Unknown Source)at java.lang.reflect.Constructor.newInstance(Unknown Source)at org.openqa.selenium.remote.ErrorHandler.createThrowable(ErrorHandler.java:216)at org.openqa.selenium.remote.ErrorHandler.throwIfResponseFailed(ErrorHandler.java:168)at org.openqa.selenium.remote.RemoteWebDriver.execute(RemoteWebDriver.java:635)at org.openqa.selenium.remote.RemoteWebElement.execute(RemoteWebElement.java:274)at org.openqa.selenium.remote.RemoteWebElement.click(RemoteWebElement.java:84)at com.com.demo.Getorder.getorder(Getorder.java:137)at sun.reflect.NativeMethodAccessorImpl.invoke0(Native Method)at sun.reflect.NativeMethodAccessorImpl.invoke(Unknown Source)at sun.reflect.DelegatingMethodAccessorImpl.invoke(Unknown Source)at java.lang.reflect.Method.invoke(Unknown Source)at org.testng.internal.MethodInvocationHelper.invokeMethod(MethodInvocationHelper.java:124)at org.testng.internal.Invoker.invokeMethod(Invoker.java:571)at org.testng.internal.Invoker.invokeTestMethod(Invoker.java:707)at org.testng.internal.Invoker.invokeTestMethods(Invoker.java:979)at org.testng.internal.TestMethodWorker.invokeTestMethods(TestMethodWorker.java:125)at org.testng.internal.TestMethodWorker.run(TestMethodWorker.java:109)at org.testng.TestRunner.privateRun(TestRunner.java:648)at org.testng.TestRunner.run(TestRunner.java:505)at org.testng.SuiteRunner.runTest(SuiteRunner.java:455)at org.testng.SuiteRunner.runSequentially(SuiteRunner.java:450)at org.testng.SuiteRunner.privateRun(SuiteRunner.java:415)at org.testng.SuiteRunner.run(SuiteRunner.java:364)at org.testng.SuiteRunnerWorker.runSuite(SuiteRunnerWorker.java:52)at org.testng.SuiteRunnerWorker.run(SuiteRunnerWorker.java:84)at org.testng.TestNG.runSuitesSequentially(TestNG.java:1187)at org.testng.TestNG.runSuitesLocally(TestNG.java:1116)at org.testng.TestNG.runSuites(TestNG.java:1028)at org.testng.TestNG.run(TestNG.java:996)at org.testng.remote.AbstractRemoteTestNG.run(AbstractRemoteTestNG.java:114)at org.testng.remote.RemoteTestNG.initAndRun(RemoteTestNG.java:251)at org.testng.remote.RemoteTestNG.main(RemoteTestNG.java:77)]]>
    </error>
  </testcase> <!-- getorder -->
  <testcase name="Nu" time="2.055" classname="com.com.demo.Getorder"/>
  <testcase name="getnumber" classname="com.com.demo.Getorder">
    <skipped/>
  </testcase> <!-- getnumber -->
</testsuite> <!-- com.com.demo.Getorder -->
