<?xml version="1.0" encoding="UTF-8"?>
<!-- Generated by org.testng.reporters.JUnitXMLReporter -->
<testsuite hostname="7F-CHENJINGJIAN" ignored="5" name="version" tests="4" failures="1" timestamp="03 二月 2018 08:35:12 GMT" time="71.278" errors="0">
  <testcase name="Addprovince" time="30.076" classname="com.com.demo.Twinkle">
    <skipped/>
  </testcase> <!-- Addprovince -->
  <testcase name="Addprovince" time="30.024" classname="com.com.demo.Twinkle">
    <skipped/>
  </testcase> <!-- Addprovince -->
  <testcase name="Addprovince" time="7.305" classname="com.com.demo.Twinkle">
    <skipped/>
  </testcase> <!-- Addprovince -->
  <testcase name="Addprovince" time="0.006" classname="com.com.demo.Twinkle">
    <failure type="org.openqa.selenium.NoSuchWindowException" message="no such window: target window already closed
from unknown error: web view not found
  (Session info: chrome=56.0.2924.87)
  (Driver info: chromedriver=2.27.440174 (e97a722caafc2d3a8b807ee115bfb307f7d2cfd9),platform=Windows NT 6.1.7601 SP1 x86_64) (WARNING: The server did not provide any stacktrace information)
Command duration or timeout: 3 milliseconds
Build info: version: &amp;apos;3.0.1&amp;apos;, revision: &amp;apos;1969d75&amp;apos;, time: &amp;apos;2016-10-18 09:48:19 -0700&amp;apos;
System info: host: &amp;apos;7F-CHENJINGJIAN&amp;apos;, ip: &amp;apos;10.37.3.253&amp;apos;, os.name: &amp;apos;Windows 7&amp;apos;, os.arch: &amp;apos;amd64&amp;apos;, os.version: &amp;apos;6.1&amp;apos;, java.version: &amp;apos;1.8.0_121&amp;apos;
Driver info: org.openqa.selenium.chrome.ChromeDriver
Capabilities [{applicationCacheEnabled=false, rotatable=false, mobileEmulationEnabled=false, networkConnectionEnabled=false, chrome={chromedriverVersion=2.27.440174 (e97a722caafc2d3a8b807ee115bfb307f7d2cfd9), userDataDir=C:\Users\CHENJI~1\AppData\Local\Temp\scoped_dir18424_27443}, takesHeapSnapshot=true, pageLoadStrategy=normal, databaseEnabled=false, handlesAlerts=true, hasTouchScreen=false, version=56.0.2924.87, platform=XP, browserConnectionEnabled=false, nativeEvents=true, acceptSslCerts=true, locationContextEnabled=true, webStorageEnabled=true, browserName=chrome, takesScreenshot=true, javascriptEnabled=true, cssSelectorsEnabled=true, unexpectedAlertBehaviour=}]
Session ID: f7f9f423d3a0fe3d09af31cdfaf46530
*** Element info: {Using=name, value=province}">
      <![CDATA[org.openqa.selenium.NoSuchWindowException: no such window: target window already closedfrom unknown error: web view not found  (Session info: chrome=56.0.2924.87)  (Driver info: chromedriver=2.27.440174 (e97a722caafc2d3a8b807ee115bfb307f7d2cfd9),platform=Windows NT 6.1.7601 SP1 x86_64) (WARNING: The server did not provide any stacktrace information)Command duration or timeout: 3 millisecondsBuild info: version: '3.0.1', revision: '1969d75', time: '2016-10-18 09:48:19 -0700'System info: host: '7F-CHENJINGJIAN', ip: '10.37.3.253', os.name: 'Windows 7', os.arch: 'amd64', os.version: '6.1', java.version: '1.8.0_121'Driver info: org.openqa.selenium.chrome.ChromeDriverCapabilities [{applicationCacheEnabled=false, rotatable=false, mobileEmulationEnabled=false, networkConnectionEnabled=false, chrome={chromedriverVersion=2.27.440174 (e97a722caafc2d3a8b807ee115bfb307f7d2cfd9), userDataDir=C:\Users\CHENJI~1\AppData\Local\Temp\scoped_dir18424_27443}, takesHeapSnapshot=true, pageLoadStrategy=normal, databaseEnabled=false, handlesAlerts=true, hasTouchScreen=false, version=56.0.2924.87, platform=XP, browserConnectionEnabled=false, nativeEvents=true, acceptSslCerts=true, locationContextEnabled=true, webStorageEnabled=true, browserName=chrome, takesScreenshot=true, javascriptEnabled=true, cssSelectorsEnabled=true, unexpectedAlertBehaviour=}]Session ID: f7f9f423d3a0fe3d09af31cdfaf46530*** Element info: {Using=name, value=province}at org.openqa.selenium.remote.ErrorHandler.createThrowable(ErrorHandler.java:216)at org.openqa.selenium.remote.ErrorHandler.throwIfResponseFailed(ErrorHandler.java:168)at org.openqa.selenium.remote.RemoteWebDriver.execute(RemoteWebDriver.java:635)at org.openqa.selenium.remote.RemoteWebDriver.findElement(RemoteWebDriver.java:368)at org.openqa.selenium.remote.RemoteWebDriver.findElementByName(RemoteWebDriver.java:449)at org.openqa.selenium.By$ByName.findElement(By.java:303)at org.openqa.selenium.remote.RemoteWebDriver.findElement(RemoteWebDriver.java:360)at com.com.demo.Twinkle.Addprovince(Twinkle.java:157)... Removed 29 stack frames]]>
    </failure>
  </testcase> <!-- Addprovince -->
  <testcase name="TDlogin" time="0.0" classname="com.com.demo.Twinkle">
    <ignored/>
  </testcase> <!-- TDlogin -->
  <testcase name="pricevs" time="0.0" classname="com.com.demo.Twinkle">
    <ignored/>
  </testcase> <!-- pricevs -->
  <testcase name="Sort" time="0.0" classname="com.com.demo.Twinkle">
    <ignored/>
  </testcase> <!-- Sort -->
  <testcase name="Addcountry" time="0.0" classname="com.com.demo.Twinkle">
    <ignored/>
  </testcase> <!-- Addcountry -->
  <testcase name="Addproduct" time="0.0" classname="com.com.demo.Twinkle">
    <ignored/>
  </testcase> <!-- Addproduct -->
</testsuite> <!-- version -->
